ncverilog: 10.20-s114: (c) Copyright 1995-2012 Cadence Design Systems, Inc.
TOOL:	ncverilog	10.20-s114: Started on Nov 03, 2016 at 15:53:35 EDT
ncverilog
	TESTBED.v
	+define+RTL8
	-access
	+r
	+notimingchecks
file: TESTBED.v
	module worklib.Circle:vp
		errors: 0, warnings: 0
	module worklib.TESTBED:v
		errors: 0, warnings: 0
		Caching library 'worklib' ....... Done
	Elaborating the design hierarchy:
	Building instance overlay tables: .................... Done
	Generating native compiled code:
		worklib.Circle:vp <0x222c655e>
			streams:  39, words: 33769
		worklib.TESTBED:v <0x66d67f62>
			streams:   1, words:   439
	Loading native compiled code:     .................... Done
	Building instance specific data structures.
	Design hierarchy summary:
		                  Instances  Unique
		Modules:                  3       3
		Registers:               51      51
		Scalar wires:             4       -
		Vectored wires:           4       -
		Always blocks:            9       9
		Initial blocks:           4       4
		Simulation timescale:  10ps
	Writing initial simulation snapshot: worklib.TESTBED:v
Loading snapshot worklib.TESTBED:v .................... Done
ncsim> source /usr/cad/cadence/INCISIV/cur/tools/inca/files/ncsimrc
ncsim> run
Novas FSDB Dumper for Verilog-XL, Release 2008.01 (Linux) 01/30/2008
Copyright (C) 1996 - 2007 by Novas Software, Inc.
*Novas* Create FSDB file 'Circle8.fsdb'
*Novas* Begin traversing the top scope(TESTBED), layer(0).
ERROR:          ACC       AGSOPRO
         Cannot get string properties from objects within a protected region.
        ./TESTBED.v, 120: $fsdbDumpvars
ERROR:          ACC       AGSOPRO
         Cannot get string properties from objects within a protected region.
        ./TESTBED.v, 120: $fsdbDumpvars
ERROR:          ACC       AGSOPRO
         Cannot get string properties from objects within a protected region.
        ./TESTBED.v, 120: $fsdbDumpvars
ERROR:          ACC       AGSOPRO
         Cannot get string properties from objects within a protected region.
        ./TESTBED.v, 120: $fsdbDumpvars
ERROR:          ACC       AGSOPRO
         Cannot get string properties from objects within a protected region.
        ./TESTBED.v, 120: $fsdbDumpvars
ERROR:          ACC       AGSOPRO
         Cannot get string properties from objects within a protected region.
        ./TESTBED.v, 120: $fsdbDumpvars
ERROR:          ACC       AGSOPRO
         Cannot get string properties from objects within a protected region.
        ./TESTBED.v, 120: $fsdbDumpvars
ERROR:          ACC       AGSOPRO
         Cannot get string properties from objects within a protected region.
        ./TESTBED.v, 120: $fsdbDumpvars
ERROR:          ACC       AGSOPRO
         Cannot get string properties from objects within a protected region.
        ./TESTBED.v, 120: $fsdbDumpvars
ERROR:          ACC       AGSOPRO
         Cannot get string properties from objects within a protected region.
        ./TESTBED.v, 120: $fsdbDumpvars
ERROR:          ACC       AGSOPRO
         Cannot get string properties from objects within a protected region.
        ./TESTBED.v, 120: $fsdbDumpvars
ERROR:          ACC       AGSOPRO
         Cannot get string properties from objects within a protected region.
        ./TESTBED.v, 120: $fsdbDumpvars
ERROR:          ACC       AGSOPRO
         Cannot get string properties from objects within a protected region.
        ./TESTBED.v, 120: $fsdbDumpvars
ERROR:          ACC       AGSOPRO
         Cannot get string properties from objects within a protected region.
        ./TESTBED.v, 120: $fsdbDumpvars
ERROR:          ACC       AGSOPRO
         Cannot get string properties from objects within a protected region.
        ./TESTBED.v, 120: $fsdbDumpvars
ERROR:          ACC       AGSOPRO
         Cannot get string properties from objects within a protected region.
        ./TESTBED.v, 120: $fsdbDumpvars
ERROR:          ACC       AGSOPRO
         Cannot get string properties from objects within a protected region.
        ./TESTBED.v, 120: $fsdbDumpvars
ERROR:          ACC       AGSOPRO
         Cannot get string properties from objects within a protected region.
        ./TESTBED.v, 120: $fsdbDumpvars
ERROR:          ACC       AGSOPRO
         Cannot get string properties from objects within a protected region.
        ./TESTBED.v, 120: $fsdbDumpvars
ERROR:          ACC       AGSOPRO
         Cannot get string properties from objects within a protected region.
        ./TESTBED.v, 120: $fsdbDumpvars
ERROR:          ACC       AGSOPRO
         Cannot get string properties from objects within a protected region.
        ./TESTBED.v, 120: $fsdbDumpvars
ERROR:          ACC       AGSOPRO
         Cannot get string properties from objects within a protected region.
        ./TESTBED.v, 120: $fsdbDumpvars
ERROR:          ACC       AGSOPRO
         Cannot get string properties from objects within a protected region.
        ./TESTBED.v, 120: $fsdbDumpvars
ERROR:          ACC       AGSOPRO
         Cannot get string properties from objects within a protected region.
        ./TESTBED.v, 120: $fsdbDumpvars
ERROR:          ACC       AGSOPRO
         Cannot get string properties from objects within a protected region.
        ./TESTBED.v, 120: $fsdbDumpvars
ERROR:          ACC       AGSOPRO
         Cannot get string properties from objects within a protected region.
        ./TESTBED.v, 120: $fsdbDumpvars
ERROR:          ACC       AGSOPRO
         Cannot get string properties from objects within a protected region.
        ./TESTBED.v, 120: $fsdbDumpvars
ERROR:          ACC       AGSOPRO
         Cannot get string properties from objects within a protected region.
        ./TESTBED.v, 120: $fsdbDumpvars
ERROR:          ACC       AGSOPRO
         Cannot get string properties from objects within a protected region.
        ./TESTBED.v, 120: $fsdbDumpvars
ERROR:          ACC       AGSOPRO
         Cannot get string properties from objects within a protected region.
        ./TESTBED.v, 120: $fsdbDumpvars
ERROR:          ACC       AGSOPRO
         Cannot get string properties from objects within a protected region.
        ./TESTBED.v, 120: $fsdbDumpvars
ERROR:          ACC       AGSOPRO
         Cannot get string properties from objects within a protected region.
        ./TESTBED.v, 120: $fsdbDumpvars
ERROR:          ACC       AGSOPRO
         Cannot get string properties from objects within a protected region.
        ./TESTBED.v, 120: $fsdbDumpvars
ERROR:          ACC       AGSOPRO
         Cannot get string properties from objects within a protected region.
        ./TESTBED.v, 120: $fsdbDumpvars
ERROR:          ACC       AGSOPRO
         Cannot get string properties from objects within a protected region.
        ./TESTBED.v, 120: $fsdbDumpvars
ERROR:          ACC       AGSOPRO
         Cannot get string properties from objects within a protected region.
        ./TESTBED.v, 120: $fsdbDumpvars
ERROR:          ACC       AGSOPRO
         Cannot get string properties from objects within a protected region.
        ./TESTBED.v, 120: $fsdbDumpvars
ERROR:          ACC       AGSOPRO
         Cannot get string properties from objects within a protected region.
        ./TESTBED.v, 120: $fsdbDumpvars
ERROR:          ACC       AGSOPRO
         Cannot get string properties from objects within a protected region.
        ./TESTBED.v, 120: $fsdbDumpvars
ERROR:          ACC       AGSOPRO
         Cannot get string properties from objects within a protected region.
        ./TESTBED.v, 120: $fsdbDumpvars
ERROR:          ACC       AGSOPRO
         Cannot get string properties from objects within a protected region.
        ./TESTBED.v, 120: $fsdbDumpvars
ERROR:          ACC       AGSOPRO
         Cannot get string properties from objects within a protected region.
        ./TESTBED.v, 120: $fsdbDumpvars
ERROR:          ACC       AGSOPRO
         Cannot get string properties from objects within a protected region.
        ./TESTBED.v, 120: $fsdbDumpvars
ERROR:          ACC       AGSOPRO
         Cannot get string properties from objects within a protected region.
        ./TESTBED.v, 120: $fsdbDumpvars
ERROR:          ACC       AGSOPRO
         Cannot get string properties from objects within a protected region.
        ./TESTBED.v, 120: $fsdbDumpvars
ERROR:          ACC       AGSOPRO
         Cannot get string properties from objects within a protected region.
        ./TESTBED.v, 120: $fsdbDumpvars
ERROR:          ACC       AGSOPRO
         Cannot get string properties from objects within a protected region.
        ./TESTBED.v, 120: $fsdbDumpvars
ERROR:          ACC       AGSOPRO
         Cannot get string properties from objects within a protected region.
        ./TESTBED.v, 120: $fsdbDumpvars
ERROR:          ACC       AGSOPRO
         Cannot get string properties from objects within a protected region.
        ./TESTBED.v, 120: $fsdbDumpvars
ERROR:          ACC       AGSOPRO
         Cannot get string properties from objects within a protected region.
        ./TESTBED.v, 120: $fsdbDumpvars
ERROR:          ACC       AGSOPRO
         Cannot get string properties from objects within a protected region.
        ./TESTBED.v, 120: $fsdbDumpvars
ERROR:          ACC       AGSOPRO
         Cannot get string properties from objects within a protected region.
        ./TESTBED.v, 120: $fsdbDumpvars
ERROR:          ACC       AGSOPRO
         Cannot get string properties from objects within a protected region.
        ./TESTBED.v, 120: $fsdbDumpvars
ERROR:          ACC       AGSOPRO
         Cannot get string properties from objects within a protected region.
        ./TESTBED.v, 120: $fsdbDumpvars
ERROR:          ACC       AGSOPRO
         Cannot get string properties from objects within a protected region.
        ./TESTBED.v, 120: $fsdbDumpvars
ERROR:          ACC       AGSOPRO
         Cannot get string properties from objects within a protected region.
        ./TESTBED.v, 120: $fsdbDumpvars
ERROR:          ACC       AGSOPRO
         Cannot get string properties from objects within a protected region.
        ./TESTBED.v, 120: $fsdbDumpvars
ERROR:          ACC       AGSOPRO
         Cannot get string properties from objects within a protected region.
        ./TESTBED.v, 120: $fsdbDumpvars
ERROR:          ACC       AGSOPRO
         Cannot get string properties from objects within a protected region.
        ./TESTBED.v, 120: $fsdbDumpvars
ERROR:          ACC       AGSOPRO
         Cannot get string properties from objects within a protected region.
        ./TESTBED.v, 120: $fsdbDumpvars
ERROR:          ACC       AGSOPRO
         Cannot get string properties from objects within a protected region.
        ./TESTBED.v, 120: $fsdbDumpvars
ERROR:          ACC       AGSOPRO
         Cannot get string properties from objects within a protected region.
        ./TESTBED.v, 120: $fsdbDumpvars
*Novas* End of traversing the top scope(TESTBED)

=================================================
  Failed!!  PATTERN    1 is wrong!                
  ans is          62      your ans is 30          
=================================================

Simulation complete via $finish(1) at time 328 NS + 0
./PATTERN.v:120 				$finish;
ncsim> exit
TOOL:	ncverilog	10.20-s114: Exiting on Nov 03, 2016 at 15:54:35 EDT  (total: 00:01:00)
