ncverilog: 10.20-s114: (c) Copyright 1995-2012 Cadence Design Systems, Inc.
TOOL:	ncverilog	10.20-s114: Started on Oct 28, 2016 at 04:30:16 EDT
ncverilog
	TESTBED.v
	+define+GATE
	-access
	+r
	-v
	/cad/CBDLIB/CBDK_IC_Contest_v2.1/Verilog/tsmc13.v
Recompiling... reason: file './IMPOR_SYN.sdf' is newer than expected.
	expected: Thu Oct 27 15:25:16 2016
	actual:   Thu Oct 27 16:31:24 2016
file: TESTBED.v
	module worklib.IMPOR:v
		errors: 0, warnings: 0
		Caching library 'tsmc13' ....... Done
		Caching library 'worklib' ....... Done
	Elaborating the design hierarchy:
  DFFRX1 sta_reg ( .D(n375), .CK(clk), .RN(rst_n), .Q(sta) );
               |
ncelab: *W,CUVWSP (./IMPOR_SYN.v,210|15): 1 output port was not connected:
ncelab: (/cad/CBDLIB/CBDK_IC_Contest_v2.1/Verilog/tsmc13.v,18240): QN

  DFFRX1 cnt2_reg_20_ ( .D(n374), .CK(clk), .RN(rst_n), .Q(cnt2[20]) );
                    |
ncelab: *W,CUVWSP (./IMPOR_SYN.v,219|20): 1 output port was not connected:
ncelab: (/cad/CBDLIB/CBDK_IC_Contest_v2.1/Verilog/tsmc13.v,18240): QN

  DFFRX1 sta12_reg_2_ ( .D(n314), .CK(clk), .RN(rst_n), .QN(n59) );
                    |
ncelab: *W,CUVWSP (./IMPOR_SYN.v,248|20): 1 output port was not connected:
ncelab: (/cad/CBDLIB/CBDK_IC_Contest_v2.1/Verilog/tsmc13.v,18240): Q

  DFFRX1 cnt2_reg_18_ ( .D(n371), .CK(clk), .RN(rst_n), .Q(cnt2[18]) );
                    |
ncelab: *W,CUVWSP (./IMPOR_SYN.v,259|20): 1 output port was not connected:
ncelab: (/cad/CBDLIB/CBDK_IC_Contest_v2.1/Verilog/tsmc13.v,18240): QN

  DFFRX1 cnt2_reg_13_ ( .D(n366), .CK(clk), .RN(rst_n), .Q(cnt2[13]) );
                    |
ncelab: *W,CUVWSP (./IMPOR_SYN.v,260|20): 1 output port was not connected:
ncelab: (/cad/CBDLIB/CBDK_IC_Contest_v2.1/Verilog/tsmc13.v,18240): QN

  DFFRX1 cnt2_reg_17_ ( .D(n370), .CK(clk), .RN(rst_n), .Q(cnt2[17]) );
                    |
ncelab: *W,CUVWSP (./IMPOR_SYN.v,261|20): 1 output port was not connected:
ncelab: (/cad/CBDLIB/CBDK_IC_Contest_v2.1/Verilog/tsmc13.v,18240): QN

  DFFRX1 cnt2_reg_15_ ( .D(n368), .CK(clk), .RN(rst_n), .Q(cnt2[15]) );
                    |
ncelab: *W,CUVWSP (./IMPOR_SYN.v,262|20): 1 output port was not connected:
ncelab: (/cad/CBDLIB/CBDK_IC_Contest_v2.1/Verilog/tsmc13.v,18240): QN

  DFFRX1 cnt2_reg_16_ ( .D(n369), .CK(clk), .RN(rst_n), .Q(cnt2[16]) );
                    |
ncelab: *W,CUVWSP (./IMPOR_SYN.v,263|20): 1 output port was not connected:
ncelab: (/cad/CBDLIB/CBDK_IC_Contest_v2.1/Verilog/tsmc13.v,18240): QN

  DFFRX1 cnt2_reg_14_ ( .D(n367), .CK(clk), .RN(rst_n), .Q(cnt2[14]) );
                    |
ncelab: *W,CUVWSP (./IMPOR_SYN.v,264|20): 1 output port was not connected:
ncelab: (/cad/CBDLIB/CBDK_IC_Contest_v2.1/Verilog/tsmc13.v,18240): QN

  DFFRX1 cnt2_reg_9_ ( .D(n362), .CK(clk), .RN(rst_n), .Q(cnt2[9]) );
                   |
ncelab: *W,CUVWSP (./IMPOR_SYN.v,265|19): 1 output port was not connected:
ncelab: (/cad/CBDLIB/CBDK_IC_Contest_v2.1/Verilog/tsmc13.v,18240): QN

  DFFRX1 cnt1_reg_12_ ( .D(n340), .CK(clk), .RN(rst_n), .Q(cnt1[12]) );
                    |
ncelab: *W,CUVWSP (./IMPOR_SYN.v,266|20): 1 output port was not connected:
ncelab: (/cad/CBDLIB/CBDK_IC_Contest_v2.1/Verilog/tsmc13.v,18240): QN

  DFFRX1 cnt2_reg_7_ ( .D(n360), .CK(clk), .RN(rst_n), .Q(cnt2[7]) );
                   |
ncelab: *W,CUVWSP (./IMPOR_SYN.v,267|19): 1 output port was not connected:
ncelab: (/cad/CBDLIB/CBDK_IC_Contest_v2.1/Verilog/tsmc13.v,18240): QN

  DFFRX1 cnt2_reg_11_ ( .D(n364), .CK(clk), .RN(rst_n), .Q(cnt2[11]) );
                    |
ncelab: *W,CUVWSP (./IMPOR_SYN.v,268|20): 1 output port was not connected:
ncelab: (/cad/CBDLIB/CBDK_IC_Contest_v2.1/Verilog/tsmc13.v,18240): QN

  DFFRX1 cnt2_reg_8_ ( .D(n361), .CK(clk), .RN(rst_n), .Q(cnt2[8]) );
                   |
ncelab: *W,CUVWSP (./IMPOR_SYN.v,269|19): 1 output port was not connected:
ncelab: (/cad/CBDLIB/CBDK_IC_Contest_v2.1/Verilog/tsmc13.v,18240): QN

  DFFRX1 cnt2_reg_12_ ( .D(n365), .CK(clk), .RN(rst_n), .Q(cnt2[12]) );
                    |
ncelab: *W,CUVWSP (./IMPOR_SYN.v,270|20): 1 output port was not connected:
ncelab: (/cad/CBDLIB/CBDK_IC_Contest_v2.1/Verilog/tsmc13.v,18240): QN

  DFFRX1 cnt2_reg_6_ ( .D(n359), .CK(clk), .RN(rst_n), .Q(cnt2[6]) );
                   |
ncelab: *W,CUVWSP (./IMPOR_SYN.v,271|19): 1 output port was not connected:
ncelab: (/cad/CBDLIB/CBDK_IC_Contest_v2.1/Verilog/tsmc13.v,18240): QN

  DFFRX1 cnt2_reg_10_ ( .D(n363), .CK(clk), .RN(rst_n), .Q(cnt2[10]) );
                    |
ncelab: *W,CUVWSP (./IMPOR_SYN.v,272|20): 1 output port was not connected:
ncelab: (/cad/CBDLIB/CBDK_IC_Contest_v2.1/Verilog/tsmc13.v,18240): QN

  DFFRX1 out_valid_reg ( .D(n301), .CK(clk), .RN(rst_n), .Q(out_valid) );
                     |
ncelab: *W,CUVWSP (./IMPOR_SYN.v,273|21): 1 output port was not connected:
ncelab: (/cad/CBDLIB/CBDK_IC_Contest_v2.1/Verilog/tsmc13.v,18240): QN

  DFFRX1 out_reg_1_ ( .D(n303), .CK(clk), .RN(rst_n), .Q(out[1]) );
                  |
ncelab: *W,CUVWSP (./IMPOR_SYN.v,274|18): 1 output port was not connected:
ncelab: (/cad/CBDLIB/CBDK_IC_Contest_v2.1/Verilog/tsmc13.v,18240): QN

  DFFRX1 out_reg_0_ ( .D(n302), .CK(clk), .RN(rst_n), .Q(out[0]) );
                  |
ncelab: *W,CUVWSP (./IMPOR_SYN.v,275|18): 1 output port was not connected:
ncelab: (/cad/CBDLIB/CBDK_IC_Contest_v2.1/Verilog/tsmc13.v,18240): QN

  DFFRX1 out_reg_2_ ( .D(n304), .CK(clk), .RN(rst_n), .Q(out[2]) );
                  |
ncelab: *W,CUVWSP (./IMPOR_SYN.v,276|18): 1 output port was not connected:
ncelab: (/cad/CBDLIB/CBDK_IC_Contest_v2.1/Verilog/tsmc13.v,18240): QN

  DFFRX1 cnt1_reg_20_ ( .D(n332), .CK(clk), .RN(rst_n), .Q(cnt1[20]) );
                    |
ncelab: *W,CUVWSP (./IMPOR_SYN.v,278|20): 1 output port was not connected:
ncelab: (/cad/CBDLIB/CBDK_IC_Contest_v2.1/Verilog/tsmc13.v,18240): QN

  DFFRX1 cnt2_reg_5_ ( .D(n358), .CK(clk), .RN(rst_n), .Q(cnt2[5]) );
                   |
ncelab: *W,CUVWSP (./IMPOR_SYN.v,279|19): 1 output port was not connected:
ncelab: (/cad/CBDLIB/CBDK_IC_Contest_v2.1/Verilog/tsmc13.v,18240): QN

  DFFRX1 cnt2_reg_4_ ( .D(n357), .CK(clk), .RN(rst_n), .Q(cnt2[4]) );
                   |
ncelab: *W,CUVWSP (./IMPOR_SYN.v,280|19): 1 output port was not connected:
ncelab: (/cad/CBDLIB/CBDK_IC_Contest_v2.1/Verilog/tsmc13.v,18240): QN

  DFFRX1 cnt1_reg_10_ ( .D(n342), .CK(clk), .RN(rst_n), .Q(cnt1[10]) );
                    |
ncelab: *W,CUVWSP (./IMPOR_SYN.v,281|20): 1 output port was not connected:
ncelab: (/cad/CBDLIB/CBDK_IC_Contest_v2.1/Verilog/tsmc13.v,18240): QN

  DFFRX1 cnt1_reg_11_ ( .D(n341), .CK(clk), .RN(rst_n), .Q(cnt1[11]) );
                    |
ncelab: *W,CUVWSP (./IMPOR_SYN.v,282|20): 1 output port was not connected:
ncelab: (/cad/CBDLIB/CBDK_IC_Contest_v2.1/Verilog/tsmc13.v,18240): QN

  DFFRX1 cnt1_reg_9_ ( .D(n343), .CK(clk), .RN(rst_n), .Q(cnt1[9]) );
                   |
ncelab: *W,CUVWSP (./IMPOR_SYN.v,283|19): 1 output port was not connected:
ncelab: (/cad/CBDLIB/CBDK_IC_Contest_v2.1/Verilog/tsmc13.v,18240): QN

  DFFRX1 cnt1_reg_7_ ( .D(n345), .CK(clk), .RN(rst_n), .Q(cnt1[7]) );
                   |
ncelab: *W,CUVWSP (./IMPOR_SYN.v,284|19): 1 output port was not connected:
ncelab: (/cad/CBDLIB/CBDK_IC_Contest_v2.1/Verilog/tsmc13.v,18240): QN

  DFFRX1 cnt1_reg_17_ ( .D(n335), .CK(clk), .RN(rst_n), .Q(cnt1[17]) );
                    |
ncelab: *W,CUVWSP (./IMPOR_SYN.v,285|20): 1 output port was not connected:
ncelab: (/cad/CBDLIB/CBDK_IC_Contest_v2.1/Verilog/tsmc13.v,18240): QN

  DFFRX1 cnt1_reg_4_ ( .D(n348), .CK(clk), .RN(rst_n), .Q(cnt1[4]) );
                   |
ncelab: *W,CUVWSP (./IMPOR_SYN.v,286|19): 1 output port was not connected:
ncelab: (/cad/CBDLIB/CBDK_IC_Contest_v2.1/Verilog/tsmc13.v,18240): QN

  DFFRX1 cnt1_reg_15_ ( .D(n337), .CK(clk), .RN(rst_n), .Q(cnt1[15]) );
                    |
ncelab: *W,CUVWSP (./IMPOR_SYN.v,287|20): 1 output port was not connected:
ncelab: (/cad/CBDLIB/CBDK_IC_Contest_v2.1/Verilog/tsmc13.v,18240): QN

  DFFRX1 cnt1_reg_6_ ( .D(n346), .CK(clk), .RN(rst_n), .Q(cnt1[6]) );
                   |
ncelab: *W,CUVWSP (./IMPOR_SYN.v,288|19): 1 output port was not connected:
ncelab: (/cad/CBDLIB/CBDK_IC_Contest_v2.1/Verilog/tsmc13.v,18240): QN

  DFFRX1 cnt1_reg_18_ ( .D(n334), .CK(clk), .RN(rst_n), .Q(cnt1[18]) );
                    |
ncelab: *W,CUVWSP (./IMPOR_SYN.v,289|20): 1 output port was not connected:
ncelab: (/cad/CBDLIB/CBDK_IC_Contest_v2.1/Verilog/tsmc13.v,18240): QN

  DFFRX1 cnt1_reg_14_ ( .D(n338), .CK(clk), .RN(rst_n), .Q(cnt1[14]) );
                    |
ncelab: *W,CUVWSP (./IMPOR_SYN.v,290|20): 1 output port was not connected:
ncelab: (/cad/CBDLIB/CBDK_IC_Contest_v2.1/Verilog/tsmc13.v,18240): QN

  DFFRX1 cnt1_reg_5_ ( .D(n347), .CK(clk), .RN(rst_n), .Q(cnt1[5]) );
                   |
ncelab: *W,CUVWSP (./IMPOR_SYN.v,291|19): 1 output port was not connected:
ncelab: (/cad/CBDLIB/CBDK_IC_Contest_v2.1/Verilog/tsmc13.v,18240): QN

  DFFRX1 cnt1_reg_16_ ( .D(n336), .CK(clk), .RN(rst_n), .Q(cnt1[16]) );
                    |
ncelab: *W,CUVWSP (./IMPOR_SYN.v,292|20): 1 output port was not connected:
ncelab: (/cad/CBDLIB/CBDK_IC_Contest_v2.1/Verilog/tsmc13.v,18240): QN

  DFFRX1 cnt1_reg_8_ ( .D(n344), .CK(clk), .RN(rst_n), .Q(cnt1[8]) );
                   |
ncelab: *W,CUVWSP (./IMPOR_SYN.v,293|19): 1 output port was not connected:
ncelab: (/cad/CBDLIB/CBDK_IC_Contest_v2.1/Verilog/tsmc13.v,18240): QN

  DFFRX1 cnt1_reg_3_ ( .D(n349), .CK(clk), .RN(rst_n), .Q(cnt1[3]) );
                   |
ncelab: *W,CUVWSP (./IMPOR_SYN.v,294|19): 1 output port was not connected:
ncelab: (/cad/CBDLIB/CBDK_IC_Contest_v2.1/Verilog/tsmc13.v,18240): QN

  DFFRX2 cnt2_reg_2_ ( .D(n355), .CK(clk), .RN(rst_n), .Q(cnt2[2]) );
                   |
ncelab: *W,CUVWSP (./IMPOR_SYN.v,401|19): 1 output port was not connected:
ncelab: (/cad/CBDLIB/CBDK_IC_Contest_v2.1/Verilog/tsmc13.v,18305): QN

  DFFRX1 cnt1_reg_19_ ( .D(n333), .CK(clk), .RN(rst_n), .Q(cnt1[19]) );
                    |
ncelab: *W,CUVWSP (./IMPOR_SYN.v,542|20): 1 output port was not connected:
ncelab: (/cad/CBDLIB/CBDK_IC_Contest_v2.1/Verilog/tsmc13.v,18240): QN

  DFFRX2 cnt2_reg_19_ ( .D(n372), .CK(clk), .RN(rst_n), .Q(cnt2[19]) );
                    |
ncelab: *W,CUVWSP (./IMPOR_SYN.v,543|20): 1 output port was not connected:
ncelab: (/cad/CBDLIB/CBDK_IC_Contest_v2.1/Verilog/tsmc13.v,18305): QN

  DFFRX1 cnt1_reg_13_ ( .D(n339), .CK(clk), .RN(rst_n), .Q(cnt1[13]) );
                    |
ncelab: *W,CUVWSP (./IMPOR_SYN.v,544|20): 1 output port was not connected:
ncelab: (/cad/CBDLIB/CBDK_IC_Contest_v2.1/Verilog/tsmc13.v,18240): QN

	Reading SDF file from location "IMPOR_SYN.sdf"
	Compiled SDF file "IMPOR_SYN.sdf.X" older than source SDF file "IMPOR_SYN.sdf".
	Recompiling.
	Writing compiled SDF file to "IMPOR_SYN.sdf.X".
	Annotating SDF timing data:
		Compiled SDF file:     IMPOR_SYN.sdf.X
		Log file:              
		Backannotation scope:  TESTBED.I_IMPOR
		Configuration file:    
		MTM control:           
		Scale factors:         
		Scale type:            
ncelab: *W,SDFNEP: Unable to annotate to non-existent path (IOPATH (posedge A) S) of instance TESTBED.I_IMPOR.U384 of module ADDHX4 <./IMPOR_SYN.sdf, line 1535>.
ncelab: *W,SDFNEP: Unable to annotate to non-existent path (IOPATH (negedge A) S) of instance TESTBED.I_IMPOR.U384 of module ADDHX4 <./IMPOR_SYN.sdf, line 1536>.
ncelab: *W,SDFNEP: Unable to annotate to non-existent path (IOPATH (posedge B) S) of instance TESTBED.I_IMPOR.U384 of module ADDHX4 <./IMPOR_SYN.sdf, line 1539>.
ncelab: *W,SDFNEP: Unable to annotate to non-existent path (IOPATH (negedge B) S) of instance TESTBED.I_IMPOR.U384 of module ADDHX4 <./IMPOR_SYN.sdf, line 1540>.
ncelab: *W,SDFNEP: Unable to annotate to non-existent path (IOPATH (posedge A) S) of instance TESTBED.I_IMPOR.U383 of module ADDHX4 <./IMPOR_SYN.sdf, line 1553>.
ncelab: *W,SDFNEP: Unable to annotate to non-existent path (IOPATH (negedge A) S) of instance TESTBED.I_IMPOR.U383 of module ADDHX4 <./IMPOR_SYN.sdf, line 1554>.
ncelab: *W,SDFNEP: Unable to annotate to non-existent path (IOPATH (posedge B) S) of instance TESTBED.I_IMPOR.U383 of module ADDHX4 <./IMPOR_SYN.sdf, line 1557>.
ncelab: *W,SDFNEP: Unable to annotate to non-existent path (IOPATH (negedge B) S) of instance TESTBED.I_IMPOR.U383 of module ADDHX4 <./IMPOR_SYN.sdf, line 1558>.
ncelab: *W,SDFNEP: Unable to annotate to non-existent path (IOPATH (posedge A) Y) of instance TESTBED.I_IMPOR.U382 of module XOR2XL <./IMPOR_SYN.sdf, line 1569>.
ncelab: *W,SDFNEP: Unable to annotate to non-existent path (IOPATH (negedge A) Y) of instance TESTBED.I_IMPOR.U382 of module XOR2XL <./IMPOR_SYN.sdf, line 1570>.
ncelab: *W,SDFNEP: Unable to annotate to non-existent path (IOPATH (posedge B) Y) of instance TESTBED.I_IMPOR.U382 of module XOR2XL <./IMPOR_SYN.sdf, line 1573>.
ncelab: *W,SDFNEP: Unable to annotate to non-existent path (IOPATH (negedge B) Y) of instance TESTBED.I_IMPOR.U382 of module XOR2XL <./IMPOR_SYN.sdf, line 1574>.
ncelab: *W,SDFNEP: Unable to annotate to non-existent path (IOPATH (posedge A) Y) of instance TESTBED.I_IMPOR.U381 of module XOR2XL <./IMPOR_SYN.sdf, line 1585>.
ncelab: *W,SDFNEP: Unable to annotate to non-existent path (IOPATH (negedge A) Y) of instance TESTBED.I_IMPOR.U381 of module XOR2XL <./IMPOR_SYN.sdf, line 1586>.
ncelab: *W,SDFNEP: Unable to annotate to non-existent path (IOPATH (posedge B) Y) of instance TESTBED.I_IMPOR.U381 of module XOR2XL <./IMPOR_SYN.sdf, line 1589>.
ncelab: *W,SDFNEP: Unable to annotate to non-existent path (IOPATH (negedge B) Y) of instance TESTBED.I_IMPOR.U381 of module XOR2XL <./IMPOR_SYN.sdf, line 1590>.
ncelab: *W,SDFNEP: Unable to annotate to non-existent path (IOPATH (posedge A) S) of instance TESTBED.I_IMPOR.U379 of module ADDHX4 <./IMPOR_SYN.sdf, line 1615>.
ncelab: *W,SDFNEP: Unable to annotate to non-existent path (IOPATH (negedge A) S) of instance TESTBED.I_IMPOR.U379 of module ADDHX4 <./IMPOR_SYN.sdf, line 1616>.
ncelab: *W,SDFNEP: Unable to annotate to non-existent path (IOPATH (posedge B) S) of instance TESTBED.I_IMPOR.U379 of module ADDHX4 <./IMPOR_SYN.sdf, line 1619>.
ncelab: *W,SDFNEP: Unable to annotate to non-existent path (IOPATH (negedge B) S) of instance TESTBED.I_IMPOR.U379 of module ADDHX4 <./IMPOR_SYN.sdf, line 1620>.
ncelab: *W,SDFNEP: Unable to annotate to non-existent path (IOPATH (posedge A) S) of instance TESTBED.I_IMPOR.U378 of module ADDHX4 <./IMPOR_SYN.sdf, line 1633>.
ncelab: *W,SDFNEP: Unable to annotate to non-existent path (IOPATH (negedge A) S) of instance TESTBED.I_IMPOR.U378 of module ADDHX4 <./IMPOR_SYN.sdf, line 1634>.
ncelab: *W,SDFNEP: Unable to annotate to non-existent path (IOPATH (posedge B) S) of instance TESTBED.I_IMPOR.U378 of module ADDHX4 <./IMPOR_SYN.sdf, line 1637>.
ncelab: *W,SDFNEP: Unable to annotate to non-existent path (IOPATH (negedge B) S) of instance TESTBED.I_IMPOR.U378 of module ADDHX4 <./IMPOR_SYN.sdf, line 1638>.
ncelab: *W,SDFNEP: Unable to annotate to non-existent path (IOPATH (posedge A) S) of instance TESTBED.I_IMPOR.U377 of module ADDHX4 <./IMPOR_SYN.sdf, line 1651>.
ncelab: *W,SDFNEP: Unable to annotate to non-existent path (IOPATH (negedge A) S) of instance TESTBED.I_IMPOR.U377 of module ADDHX4 <./IMPOR_SYN.sdf, line 1652>.
ncelab: *W,SDFNEP: Unable to annotate to non-existent path (IOPATH (posedge B) S) of instance TESTBED.I_IMPOR.U377 of module ADDHX4 <./IMPOR_SYN.sdf, line 1655>.
ncelab: *W,SDFNEP: Unable to annotate to non-existent path (IOPATH (negedge B) S) of instance TESTBED.I_IMPOR.U377 of module ADDHX4 <./IMPOR_SYN.sdf, line 1656>.
ncelab: *W,SDFNEP: Unable to annotate to non-existent path (IOPATH (posedge A) Y) of instance TESTBED.I_IMPOR.U355 of module XOR2X1 <./IMPOR_SYN.sdf, line 1886>.
ncelab: *W,SDFNEP: Unable to annotate to non-existent path (IOPATH (negedge A) Y) of instance TESTBED.I_IMPOR.U355 of module XOR2X1 <./IMPOR_SYN.sdf, line 1887>.
ncelab: *W,SDFNEP: Unable to annotate to non-existent path (IOPATH (posedge B) Y) of instance TESTBED.I_IMPOR.U355 of module XOR2X1 <./IMPOR_SYN.sdf, line 1890>.
ncelab: *W,SDFNEP: Unable to annotate to non-existent path (IOPATH (negedge B) Y) of instance TESTBED.I_IMPOR.U355 of module XOR2X1 <./IMPOR_SYN.sdf, line 1891>.
ncelab: *W,SDFNEP: Unable to annotate to non-existent path (IOPATH (posedge A) S) of instance TESTBED.I_IMPOR.U331 of module ADDHXL <./IMPOR_SYN.sdf, line 2147>.
ncelab: *W,SDFNEP: Unable to annotate to non-existent path (IOPATH (negedge A) S) of instance TESTBED.I_IMPOR.U331 of module ADDHXL <./IMPOR_SYN.sdf, line 2148>.
ncelab: *W,SDFNEP: Unable to annotate to non-existent path (IOPATH (posedge B) S) of instance TESTBED.I_IMPOR.U331 of module ADDHXL <./IMPOR_SYN.sdf, line 2151>.
ncelab: *W,SDFNEP: Unable to annotate to non-existent path (IOPATH (negedge B) S) of instance TESTBED.I_IMPOR.U331 of module ADDHXL <./IMPOR_SYN.sdf, line 2152>.
ncelab: *W,SDFNEP: Unable to annotate to non-existent path (IOPATH (posedge A) S) of instance TESTBED.I_IMPOR.add_x_41_0_U1_1_6 of module ADDHXL <./IMPOR_SYN.sdf, line 3269>.
ncelab: *W,SDFNEP: Unable to annotate to non-existent path (IOPATH (negedge A) S) of instance TESTBED.I_IMPOR.add_x_41_0_U1_1_6 of module ADDHXL <./IMPOR_SYN.sdf, line 3270>.
ncelab: *W,SDFNEP: Unable to annotate to non-existent path (IOPATH (posedge B) S) of instance TESTBED.I_IMPOR.add_x_41_0_U1_1_6 of module ADDHXL <./IMPOR_SYN.sdf, line 3273>.
ncelab: *W,SDFNEP: Unable to annotate to non-existent path (IOPATH (negedge B) S) of instance TESTBED.I_IMPOR.add_x_41_0_U1_1_6 of module ADDHXL <./IMPOR_SYN.sdf, line 3274>.
ncelab: *W,SDFNEP: Unable to annotate to non-existent path (IOPATH (posedge A) S) of instance TESTBED.I_IMPOR.add_x_41_0_U1_1_7 of module ADDHXL <./IMPOR_SYN.sdf, line 3287>.
ncelab: *W,SDFNEP: Unable to annotate to non-existent path (IOPATH (negedge A) S) of instance TESTBED.I_IMPOR.add_x_41_0_U1_1_7 of module ADDHXL <./IMPOR_SYN.sdf, line 3288>.
ncelab: *W,SDFNEP: Unable to annotate to non-existent path (IOPATH (posedge B) S) of instance TESTBED.I_IMPOR.add_x_41_0_U1_1_7 of module ADDHXL <./IMPOR_SYN.sdf, line 3291>.
ncelab: *W,SDFNEP: Unable to annotate to non-existent path (IOPATH (negedge B) S) of instance TESTBED.I_IMPOR.add_x_41_0_U1_1_7 of module ADDHXL <./IMPOR_SYN.sdf, line 3292>.
ncelab: *W,SDFNEP: Unable to annotate to non-existent path (IOPATH (posedge A) S) of instance TESTBED.I_IMPOR.add_x_41_0_U1_1_8 of module ADDHXL <./IMPOR_SYN.sdf, line 3305>.
ncelab: *W,SDFNEP: Unable to annotate to non-existent path (IOPATH (negedge A) S) of instance TESTBED.I_IMPOR.add_x_41_0_U1_1_8 of module ADDHXL <./IMPOR_SYN.sdf, line 3306>.
ncelab: *W,SDFNEP: Unable to annotate to non-existent path (IOPATH (posedge B) S) of instance TESTBED.I_IMPOR.add_x_41_0_U1_1_8 of module ADDHXL <./IMPOR_SYN.sdf, line 3309>.
ncelab: *W,SDFNEP: Unable to annotate to non-existent path (IOPATH (negedge B) S) of instance TESTBED.I_IMPOR.add_x_41_0_U1_1_8 of module ADDHXL <./IMPOR_SYN.sdf, line 3310>.
ncelab: *W,SDFNEP: Unable to annotate to non-existent path (IOPATH (posedge A) S) of instance TESTBED.I_IMPOR.add_x_41_0_U1_1_9 of module ADDHXL <./IMPOR_SYN.sdf, line 3323>.
ncelab: *W,SDFNEP: Unable to annotate to non-existent path (IOPATH (negedge A) S) of instance TESTBED.I_IMPOR.add_x_41_0_U1_1_9 of module ADDHXL <./IMPOR_SYN.sdf, line 3324>.
ncelab: *W,SDFNEP: Unable to annotate to non-existent path (IOPATH (posedge B) S) of instance TESTBED.I_IMPOR.add_x_41_0_U1_1_9 of module ADDHXL <./IMPOR_SYN.sdf, line 3327>.
ncelab: *W,SDFNEP: Unable to annotate to non-existent path (IOPATH (negedge B) S) of instance TESTBED.I_IMPOR.add_x_41_0_U1_1_9 of module ADDHXL <./IMPOR_SYN.sdf, line 3328>.
ncelab: *W,SDFNEP: Unable to annotate to non-existent path (IOPATH (posedge A) S) of instance TESTBED.I_IMPOR.add_x_41_0_U1_1_10 of module ADDHXL <./IMPOR_SYN.sdf, line 3341>.
ncelab: *W,SDFNEP: Unable to annotate to non-existent path (IOPATH (negedge A) S) of instance TESTBED.I_IMPOR.add_x_41_0_U1_1_10 of module ADDHXL <./IMPOR_SYN.sdf, line 3342>.
ncelab: *W,SDFNEP: Unable to annotate to non-existent path (IOPATH (posedge B) S) of instance TESTBED.I_IMPOR.add_x_41_0_U1_1_10 of module ADDHXL <./IMPOR_SYN.sdf, line 3345>.
ncelab: *W,SDFNEP: Unable to annotate to non-existent path (IOPATH (negedge B) S) of instance TESTBED.I_IMPOR.add_x_41_0_U1_1_10 of module ADDHXL <./IMPOR_SYN.sdf, line 3346>.
ncelab: *W,SDFNEP: Unable to annotate to non-existent path (IOPATH (posedge A) S) of instance TESTBED.I_IMPOR.add_x_41_0_U1_1_11 of module ADDHXL <./IMPOR_SYN.sdf, line 3359>.
ncelab: *W,SDFNEP: Unable to annotate to non-existent path (IOPATH (negedge A) S) of instance TESTBED.I_IMPOR.add_x_41_0_U1_1_11 of module ADDHXL <./IMPOR_SYN.sdf, line 3360>.
ncelab: *W,SDFNEP: Unable to annotate to non-existent path (IOPATH (posedge B) S) of instance TESTBED.I_IMPOR.add_x_41_0_U1_1_11 of module ADDHXL <./IMPOR_SYN.sdf, line 3363>.
ncelab: *W,SDFNEP: Unable to annotate to non-existent path (IOPATH (negedge B) S) of instance TESTBED.I_IMPOR.add_x_41_0_U1_1_11 of module ADDHXL <./IMPOR_SYN.sdf, line 3364>.
ncelab: *W,SDFNEP: Unable to annotate to non-existent path (IOPATH (posedge A) S) of instance TESTBED.I_IMPOR.add_x_41_0_U1_1_12 of module ADDHXL <./IMPOR_SYN.sdf, line 3377>.
ncelab: *W,SDFNEP: Unable to annotate to non-existent path (IOPATH (negedge A) S) of instance TESTBED.I_IMPOR.add_x_41_0_U1_1_12 of module ADDHXL <./IMPOR_SYN.sdf, line 3378>.
ncelab: *W,SDFNEP: Unable to annotate to non-existent path (IOPATH (posedge B) S) of instance TESTBED.I_IMPOR.add_x_41_0_U1_1_12 of module ADDHXL <./IMPOR_SYN.sdf, line 3381>.
ncelab: *W,SDFNEP: Unable to annotate to non-existent path (IOPATH (negedge B) S) of instance TESTBED.I_IMPOR.add_x_41_0_U1_1_12 of module ADDHXL <./IMPOR_SYN.sdf, line 3382>.
ncelab: *W,SDFNEP: Unable to annotate to non-existent path (IOPATH (posedge A) S) of instance TESTBED.I_IMPOR.add_x_41_0_U1_1_15 of module ADDHXL <./IMPOR_SYN.sdf, line 3395>.
ncelab: *W,SDFNEP: Unable to annotate to non-existent path (IOPATH (negedge A) S) of instance TESTBED.I_IMPOR.add_x_41_0_U1_1_15 of module ADDHXL <./IMPOR_SYN.sdf, line 3396>.
ncelab: *W,SDFNEP: Unable to annotate to non-existent path (IOPATH (posedge B) S) of instance TESTBED.I_IMPOR.add_x_41_0_U1_1_15 of module ADDHXL <./IMPOR_SYN.sdf, line 3399>.
ncelab: *W,SDFNEP: Unable to annotate to non-existent path (IOPATH (negedge B) S) of instance TESTBED.I_IMPOR.add_x_41_0_U1_1_15 of module ADDHXL <./IMPOR_SYN.sdf, line 3400>.
ncelab: *W,SDFNEP: Unable to annotate to non-existent path (IOPATH (posedge A) S) of instance TESTBED.I_IMPOR.add_x_41_0_U1_1_16 of module ADDHXL <./IMPOR_SYN.sdf, line 3413>.
ncelab: *W,SDFNEP: Unable to annotate to non-existent path (IOPATH (negedge A) S) of instance TESTBED.I_IMPOR.add_x_41_0_U1_1_16 of module ADDHXL <./IMPOR_SYN.sdf, line 3414>.
ncelab: *W,SDFNEP: Unable to annotate to non-existent path (IOPATH (posedge B) S) of instance TESTBED.I_IMPOR.add_x_41_0_U1_1_16 of module ADDHXL <./IMPOR_SYN.sdf, line 3417>.
ncelab: *W,SDFNEP: Unable to annotate to non-existent path (IOPATH (negedge B) S) of instance TESTBED.I_IMPOR.add_x_41_0_U1_1_16 of module ADDHXL <./IMPOR_SYN.sdf, line 3418>.
ncelab: *W,SDFNEP: Unable to annotate to non-existent path (IOPATH (posedge A) S) of instance TESTBED.I_IMPOR.add_x_41_0_U1_1_17 of module ADDHXL <./IMPOR_SYN.sdf, line 3431>.
ncelab: *W,SDFNEP: Unable to annotate to non-existent path (IOPATH (negedge A) S) of instance TESTBED.I_IMPOR.add_x_41_0_U1_1_17 of module ADDHXL <./IMPOR_SYN.sdf, line 3432>.
ncelab: *W,SDFNEP: Unable to annotate to non-existent path (IOPATH (posedge B) S) of instance TESTBED.I_IMPOR.add_x_41_0_U1_1_17 of module ADDHXL <./IMPOR_SYN.sdf, line 3435>.
ncelab: *W,SDFNEP: Unable to annotate to non-existent path (IOPATH (negedge B) S) of instance TESTBED.I_IMPOR.add_x_41_0_U1_1_17 of module ADDHXL <./IMPOR_SYN.sdf, line 3436>.
ncelab: *W,SDFNEP: Unable to annotate to non-existent path (IOPATH (posedge A) S) of instance TESTBED.I_IMPOR.add_x_41_1_U1_1_4 of module ADDHXL <./IMPOR_SYN.sdf, line 3449>.
ncelab: *W,SDFNEP: Unable to annotate to non-existent path (IOPATH (negedge A) S) of instance TESTBED.I_IMPOR.add_x_41_1_U1_1_4 of module ADDHXL <./IMPOR_SYN.sdf, line 3450>.
ncelab: *W,SDFNEP: Unable to annotate to non-existent path (IOPATH (posedge B) S) of instance TESTBED.I_IMPOR.add_x_41_1_U1_1_4 of module ADDHXL <./IMPOR_SYN.sdf, line 3453>.
ncelab: *W,SDFNEP: Unable to annotate to non-existent path (IOPATH (negedge B) S) of instance TESTBED.I_IMPOR.add_x_41_1_U1_1_4 of module ADDHXL <./IMPOR_SYN.sdf, line 3454>.
ncelab: *W,SDFNEP: Unable to annotate to non-existent path (IOPATH (posedge A) S) of instance TESTBED.I_IMPOR.add_x_41_1_U1_1_5 of module ADDHXL <./IMPOR_SYN.sdf, line 3467>.
ncelab: *W,SDFNEP: Unable to annotate to non-existent path (IOPATH (negedge A) S) of instance TESTBED.I_IMPOR.add_x_41_1_U1_1_5 of module ADDHXL <./IMPOR_SYN.sdf, line 3468>.
ncelab: *W,SDFNEP: Unable to annotate to non-existent path (IOPATH (posedge B) S) of instance TESTBED.I_IMPOR.add_x_41_1_U1_1_5 of module ADDHXL <./IMPOR_SYN.sdf, line 3471>.
ncelab: *W,SDFNEP: Unable to annotate to non-existent path (IOPATH (negedge B) S) of instance TESTBED.I_IMPOR.add_x_41_1_U1_1_5 of module ADDHXL <./IMPOR_SYN.sdf, line 3472>.
ncelab: *W,SDFNEP: Unable to annotate to non-existent path (IOPATH (posedge A) S) of instance TESTBED.I_IMPOR.add_x_41_1_U1_1_6 of module ADDHXL <./IMPOR_SYN.sdf, line 3485>.
ncelab: *W,SDFNEP: Unable to annotate to non-existent path (IOPATH (negedge A) S) of instance TESTBED.I_IMPOR.add_x_41_1_U1_1_6 of module ADDHXL <./IMPOR_SYN.sdf, line 3486>.
ncelab: *W,SDFNEP: Unable to annotate to non-existent path (IOPATH (posedge B) S) of instance TESTBED.I_IMPOR.add_x_41_1_U1_1_6 of module ADDHXL <./IMPOR_SYN.sdf, line 3489>.
ncelab: *W,SDFNEP: Unable to annotate to non-existent path (IOPATH (negedge B) S) of instance TESTBED.I_IMPOR.add_x_41_1_U1_1_6 of module ADDHXL <./IMPOR_SYN.sdf, line 3490>.
ncelab: *W,SDFNEP: Unable to annotate to non-existent path (IOPATH (posedge A) S) of instance TESTBED.I_IMPOR.add_x_41_1_U1_1_7 of module ADDHXL <./IMPOR_SYN.sdf, line 3503>.
ncelab: *W,SDFNEP: Unable to annotate to non-existent path (IOPATH (negedge A) S) of instance TESTBED.I_IMPOR.add_x_41_1_U1_1_7 of module ADDHXL <./IMPOR_SYN.sdf, line 3504>.
ncelab: *W,SDFNEP: Unable to annotate to non-existent path (IOPATH (posedge B) S) of instance TESTBED.I_IMPOR.add_x_41_1_U1_1_7 of module ADDHXL <./IMPOR_SYN.sdf, line 3507>.
ncelab: *W,SDFNEP: Unable to annotate to non-existent path (IOPATH (negedge B) S) of instance TESTBED.I_IMPOR.add_x_41_1_U1_1_7 of module ADDHXL <./IMPOR_SYN.sdf, line 3508>.
ncelab: *W,SDFNEP: Unable to annotate to non-existent path (IOPATH (posedge A) S) of instance TESTBED.I_IMPOR.add_x_41_1_U1_1_8 of module ADDHXL <./IMPOR_SYN.sdf, line 3521>.
ncelab: *W,SDFNEP: Unable to annotate to non-existent path (IOPATH (negedge A) S) of instance TESTBED.I_IMPOR.add_x_41_1_U1_1_8 of module ADDHXL <./IMPOR_SYN.sdf, line 3522>.
ncelab: *W,SDFNEP: Unable to annotate to non-existent path (IOPATH (posedge B) S) of instance TESTBED.I_IMPOR.add_x_41_1_U1_1_8 of module ADDHXL <./IMPOR_SYN.sdf, line 3525>.
ncelab: *W,SDFNEP: Unable to annotate to non-existent path (IOPATH (negedge B) S) of instance TESTBED.I_IMPOR.add_x_41_1_U1_1_8 of module ADDHXL <./IMPOR_SYN.sdf, line 3526>.
ncelab: *W,SDFNEP: Unable to annotate to non-existent path (IOPATH (posedge A) S) of instance TESTBED.I_IMPOR.add_x_41_1_U1_1_9 of module ADDHXL <./IMPOR_SYN.sdf, line 3539>.
ncelab: *W,SDFNEP: Unable to annotate to non-existent path (IOPATH (negedge A) S) of instance TESTBED.I_IMPOR.add_x_41_1_U1_1_9 of module ADDHXL <./IMPOR_SYN.sdf, line 3540>.
ncelab: *W,SDFNEP: Unable to annotate to non-existent path (IOPATH (posedge B) S) of instance TESTBED.I_IMPOR.add_x_41_1_U1_1_9 of module ADDHXL <./IMPOR_SYN.sdf, line 3543>.
ncelab: *W,SDFNEP: Unable to annotate to non-existent path (IOPATH (negedge B) S) of instance TESTBED.I_IMPOR.add_x_41_1_U1_1_9 of module ADDHXL <./IMPOR_SYN.sdf, line 3544>.
ncelab: *W,SDFNEP: Unable to annotate to non-existent path (IOPATH (posedge A) S) of instance TESTBED.I_IMPOR.add_x_41_1_U1_1_10 of module ADDHXL <./IMPOR_SYN.sdf, line 3557>.
ncelab: *W,SDFNEP: Unable to annotate to non-existent path (IOPATH (negedge A) S) of instance TESTBED.I_IMPOR.add_x_41_1_U1_1_10 of module ADDHXL <./IMPOR_SYN.sdf, line 3558>.
ncelab: *W,SDFNEP: Unable to annotate to non-existent path (IOPATH (posedge B) S) of instance TESTBED.I_IMPOR.add_x_41_1_U1_1_10 of module ADDHXL <./IMPOR_SYN.sdf, line 3561>.
ncelab: *W,SDFNEP: Unable to annotate to non-existent path (IOPATH (negedge B) S) of instance TESTBED.I_IMPOR.add_x_41_1_U1_1_10 of module ADDHXL <./IMPOR_SYN.sdf, line 3562>.
ncelab: *W,SDFNEP: Unable to annotate to non-existent path (IOPATH (posedge A) S) of instance TESTBED.I_IMPOR.add_x_41_1_U1_1_11 of module ADDHXL <./IMPOR_SYN.sdf, line 3575>.
ncelab: *W,SDFNEP: Unable to annotate to non-existent path (IOPATH (negedge A) S) of instance TESTBED.I_IMPOR.add_x_41_1_U1_1_11 of module ADDHXL <./IMPOR_SYN.sdf, line 3576>.
ncelab: *W,SDFNEP: Unable to annotate to non-existent path (IOPATH (posedge B) S) of instance TESTBED.I_IMPOR.add_x_41_1_U1_1_11 of module ADDHXL <./IMPOR_SYN.sdf, line 3579>.
ncelab: *W,SDFNEP: Unable to annotate to non-existent path (IOPATH (negedge B) S) of instance TESTBED.I_IMPOR.add_x_41_1_U1_1_11 of module ADDHXL <./IMPOR_SYN.sdf, line 3580>.
ncelab: *W,SDFNEP: Unable to annotate to non-existent path (IOPATH (posedge A) S) of instance TESTBED.I_IMPOR.add_x_41_1_U1_1_16 of module ADDHXL <./IMPOR_SYN.sdf, line 3593>.
ncelab: *W,SDFNEP: Unable to annotate to non-existent path (IOPATH (negedge A) S) of instance TESTBED.I_IMPOR.add_x_41_1_U1_1_16 of module ADDHXL <./IMPOR_SYN.sdf, line 3594>.
ncelab: *W,SDFNEP: Unable to annotate to non-existent path (IOPATH (posedge B) S) of instance TESTBED.I_IMPOR.add_x_41_1_U1_1_16 of module ADDHXL <./IMPOR_SYN.sdf, line 3597>.
ncelab: *W,SDFNEP: Unable to annotate to non-existent path (IOPATH (negedge B) S) of instance TESTBED.I_IMPOR.add_x_41_1_U1_1_16 of module ADDHXL <./IMPOR_SYN.sdf, line 3598>.
ncelab: *W,SDFNEP: Unable to annotate to non-existent path (IOPATH (posedge A) S) of instance TESTBED.I_IMPOR.add_x_41_1_U1_1_17 of module ADDHXL <./IMPOR_SYN.sdf, line 3611>.
ncelab: *W,SDFNEP: Unable to annotate to non-existent path (IOPATH (negedge A) S) of instance TESTBED.I_IMPOR.add_x_41_1_U1_1_17 of module ADDHXL <./IMPOR_SYN.sdf, line 3612>.
ncelab: *W,SDFNEP: Unable to annotate to non-existent path (IOPATH (posedge B) S) of instance TESTBED.I_IMPOR.add_x_41_1_U1_1_17 of module ADDHXL <./IMPOR_SYN.sdf, line 3615>.
ncelab: *W,SDFNEP: Unable to annotate to non-existent path (IOPATH (negedge B) S) of instance TESTBED.I_IMPOR.add_x_41_1_U1_1_17 of module ADDHXL <./IMPOR_SYN.sdf, line 3616>.
ncelab: *W,SDFNEP: Unable to annotate to non-existent path (IOPATH (posedge A) S) of instance TESTBED.I_IMPOR.add_x_41_1_U1_1_18 of module ADDHXL <./IMPOR_SYN.sdf, line 3629>.
ncelab: *W,SDFNEP: Unable to annotate to non-existent path (IOPATH (negedge A) S) of instance TESTBED.I_IMPOR.add_x_41_1_U1_1_18 of module ADDHXL <./IMPOR_SYN.sdf, line 3630>.
ncelab: *W,SDFNEP: Unable to annotate to non-existent path (IOPATH (posedge B) S) of instance TESTBED.I_IMPOR.add_x_41_1_U1_1_18 of module ADDHXL <./IMPOR_SYN.sdf, line 3633>.
ncelab: *W,SDFNEP: Unable to annotate to non-existent path (IOPATH (negedge B) S) of instance TESTBED.I_IMPOR.add_x_41_1_U1_1_18 of module ADDHXL <./IMPOR_SYN.sdf, line 3634>.
	Annotation completed with 0 Errors and 120 Warnings
	Building instance overlay tables: .................... Done
	Generating native compiled code:
		worklib.IMPOR:v <0x57c7e510>
			streams:   0, words:     0
	Loading native compiled code:     .................... Done
	Building instance specific data structures.
	Design hierarchy summary:
		                    Instances  Unique
		Modules:                  453      68
		UDPs:                      75       1
		Primitives:              1170       7
		Timing outputs:           551      18
		Registers:                 90      20
		Scalar wires:             633       -
		Expanded wires:             6       2
		Initial blocks:             4       4
		Timing checks:            675      82
		Interconnect:            1444       -
		Delayed tcheck signals:   225      77
		Simulation timescale:     1ps
	Writing initial simulation snapshot: worklib.TESTBED:v
